0 silly input [ 'test' ]
1 silly flags { _: [ 'run' ], script: 'test', args: [] }
2 verbose rootPath /Users/brandondail/Projects/react-image-palette
3 info version 2.1.2
4 info versioning independent
5 silly existsSync /Users/brandondail/Projects/react-image-palette/VERSION
6 silly initialize attempt
7 silly initialize success
8 silly execute attempt
9 silly runScriptInDir test [] image-palette-core
10 silly getExecOpts { cwd: '/Users/brandondail/Projects/react-image-palette/packages/image-palette-core' }
11 error test Errored while running script in 'image-palette-core'
12 error execute Error: Command failed: npm run test
12 error execute npm ERR! code ELIFECYCLE
12 error execute npm ERR! errno 1
12 error execute npm ERR! image-palette-core@0.1.2 test:only: `karma start --single-run --browsers ChromeHeadless karma.conf.js`
12 error execute npm ERR! Exit status 1
12 error execute npm ERR!
12 error execute npm ERR! Failed at the image-palette-core@0.1.2 test:only script.
12 error execute npm ERR! This is probably not a problem with npm. There is likely additional logging output above.
12 error execute
12 error execute npm ERR! A complete log of this run can be found in:
12 error execute npm ERR!     /Users/brandondail/.npm/_logs/2017-11-10T18_35_26_673Z-debug.log
12 error execute npm ERR! code ELIFECYCLE
12 error execute npm ERR! errno 1
12 error execute npm ERR! image-palette-core@0.1.2 test: `npm run build && npm run test:only`
12 error execute npm ERR! Exit status 1
12 error execute npm ERR!
12 error execute npm ERR! Failed at the image-palette-core@0.1.2 test script.
12 error execute npm ERR! This is probably not a problem with npm. There is likely additional logging output above.
12 error execute
12 error execute npm ERR! A complete log of this run can be found in:
12 error execute npm ERR!     /Users/brandondail/.npm/_logs/2017-11-10T18_35_26_703Z-debug.log
12 error execute
12 error execute > image-palette-core@0.1.2 test /Users/brandondail/Projects/react-image-palette/packages/image-palette-core
12 error execute > npm run build && npm run test:only
12 error execute
12 error execute
12 error execute > image-palette-core@0.1.2 build /Users/brandondail/Projects/react-image-palette/packages/image-palette-core
12 error execute > npm run clean && npm run build:es && npm run build:lib
12 error execute
12 error execute
12 error execute > image-palette-core@0.1.2 clean /Users/brandondail/Projects/react-image-palette/packages/image-palette-core
12 error execute > rimraf es && rimraf lib
12 error execute
12 error execute
12 error execute > image-palette-core@0.1.2 build:es /Users/brandondail/Projects/react-image-palette/packages/image-palette-core
12 error execute > BABEL_ENV=es babel src --out-dir es
12 error execute
12 error execute src/color-thief.js -> es/color-thief.js
12 error execute src/index.js -> es/index.js
12 error execute
12 error execute > image-palette-core@0.1.2 build:lib /Users/brandondail/Projects/react-image-palette/packages/image-palette-core
12 error execute > BABEL_ENV=commonjs babel src --out-dir lib
12 error execute
12 error execute src/color-thief.js -> lib/color-thief.js
12 error execute src/index.js -> lib/index.js
12 error execute
12 error execute > image-palette-core@0.1.2 test:only /Users/brandondail/Projects/react-image-palette/packages/image-palette-core
12 error execute > karma start --single-run --browsers ChromeHeadless karma.conf.js
12 error execute
12 error execute [31m10 11 2017 10:35:26.657:ERROR [config]: [39mFile /Users/brandondail/Projects/react-image-palette/packages/image-palette-core/karma.conf.js does not exist!
12 error execute
12 error execute     at Promise.all.then.arr (/Users/brandondail/.nvm/versions/node/v8.4.0/lib/node_modules/lerna/node_modules/execa/index.js:236:11)
12 error execute     at <anonymous>
12 error execute     at process._tickCallback (internal/process/next_tick.js:188:7)
12 error execute  callback with error
12 error execute  { Error: Command failed: npm run test
12 error execute npm ERR! code ELIFECYCLE
12 error execute npm ERR! errno 1
12 error execute npm ERR! image-palette-core@0.1.2 test:only: `karma start --single-run --browsers ChromeHeadless karma.conf.js`
12 error execute npm ERR! Exit status 1
12 error execute npm ERR!
12 error execute npm ERR! Failed at the image-palette-core@0.1.2 test:only script.
12 error execute npm ERR! This is probably not a problem with npm. There is likely additional logging output above.
12 error execute
12 error execute npm ERR! A complete log of this run can be found in:
12 error execute npm ERR!     /Users/brandondail/.npm/_logs/2017-11-10T18_35_26_673Z-debug.log
12 error execute npm ERR! code ELIFECYCLE
12 error execute npm ERR! errno 1
12 error execute npm ERR! image-palette-core@0.1.2 test: `npm run build && npm run test:only`
12 error execute npm ERR! Exit status 1
12 error execute npm ERR!
12 error execute npm ERR! Failed at the image-palette-core@0.1.2 test script.
12 error execute npm ERR! This is probably not a problem with npm. There is likely additional logging output above.
12 error execute
12 error execute npm ERR! A complete log of this run can be found in:
12 error execute npm ERR!     /Users/brandondail/.npm/_logs/2017-11-10T18_35_26_703Z-debug.log
12 error execute
12 error execute > image-palette-core@0.1.2 test /Users/brandondail/Projects/react-image-palette/packages/image-palette-core
12 error execute > npm run build && npm run test:only
12 error execute
12 error execute
12 error execute > image-palette-core@0.1.2 build /Users/brandondail/Projects/react-image-palette/packages/image-palette-core
12 error execute > npm run clean && npm run build:es && npm run build:lib
12 error execute
12 error execute
12 error execute > image-palette-core@0.1.2 clean /Users/brandondail/Projects/react-image-palette/packages/image-palette-core
12 error execute > rimraf es && rimraf lib
12 error execute
12 error execute
12 error execute > image-palette-core@0.1.2 build:es /Users/brandondail/Projects/react-image-palette/packages/image-palette-core
12 error execute > BABEL_ENV=es babel src --out-dir es
12 error execute
12 error execute src/color-thief.js -> es/color-thief.js
12 error execute src/index.js -> es/index.js
12 error execute
12 error execute > image-palette-core@0.1.2 build:lib /Users/brandondail/Projects/react-image-palette/packages/image-palette-core
12 error execute > BABEL_ENV=commonjs babel src --out-dir lib
12 error execute
12 error execute src/color-thief.js -> lib/color-thief.js
12 error execute src/index.js -> lib/index.js
12 error execute
12 error execute > image-palette-core@0.1.2 test:only /Users/brandondail/Projects/react-image-palette/packages/image-palette-core
12 error execute > karma start --single-run --browsers ChromeHeadless karma.conf.js
12 error execute
12 error execute [31m10 11 2017 10:35:26.657:ERROR [config]: [39mFile /Users/brandondail/Projects/react-image-palette/packages/image-palette-core/karma.conf.js does not exist!
12 error execute
12 error execute     at Promise.all.then.arr (/Users/brandondail/.nvm/versions/node/v8.4.0/lib/node_modules/lerna/node_modules/execa/index.js:236:11)
12 error execute     at <anonymous>
12 error execute     at process._tickCallback (internal/process/next_tick.js:188:7)
12 error execute   stack: 'Error: Command failed: npm run test\nnpm ERR! code ELIFECYCLE\nnpm ERR! errno 1\nnpm ERR! image-palette-core@0.1.2 test:only: `karma start --single-run --browsers ChromeHeadless karma.conf.js`\nnpm ERR! Exit status 1\nnpm ERR! \nnpm ERR! Failed at the image-palette-core@0.1.2 test:only script.\nnpm ERR! This is probably not a problem with npm. There is likely additional logging output above.\n\nnpm ERR! A complete log of this run can be found in:\nnpm ERR!     /Users/brandondail/.npm/_logs/2017-11-10T18_35_26_673Z-debug.log\nnpm ERR! code ELIFECYCLE\nnpm ERR! errno 1\nnpm ERR! image-palette-core@0.1.2 test: `npm run build && npm run test:only`\nnpm ERR! Exit status 1\nnpm ERR! \nnpm ERR! Failed at the image-palette-core@0.1.2 test script.\nnpm ERR! This is probably not a problem with npm. There is likely additional logging output above.\n\nnpm ERR! A complete log of this run can be found in:\nnpm ERR!     /Users/brandondail/.npm/_logs/2017-11-10T18_35_26_703Z-debug.log\n\n> image-palette-core@0.1.2 test /Users/brandondail/Projects/react-image-palette/packages/image-palette-core\n> npm run build && npm run test:only\n\n\n> image-palette-core@0.1.2 build /Users/brandondail/Projects/react-image-palette/packages/image-palette-core\n> npm run clean && npm run build:es && npm run build:lib\n\n\n> image-palette-core@0.1.2 clean /Users/brandondail/Projects/react-image-palette/packages/image-palette-core\n> rimraf es && rimraf lib\n\n\n> image-palette-core@0.1.2 build:es /Users/brandondail/Projects/react-image-palette/packages/image-palette-core\n> BABEL_ENV=es babel src --out-dir es\n\nsrc/color-thief.js -> es/color-thief.js\nsrc/index.js -> es/index.js\n\n> image-palette-core@0.1.2 build:lib /Users/brandondail/Projects/react-image-palette/packages/image-palette-core\n> BABEL_ENV=commonjs babel src --out-dir lib\n\nsrc/color-thief.js -> lib/color-thief.js\nsrc/index.js -> lib/index.js\n\n> image-palette-core@0.1.2 test:only /Users/brandondail/Projects/react-image-palette/packages/image-palette-core\n> karma start --single-run --browsers ChromeHeadless karma.conf.js\n\n\u001b[31m10 11 2017 10:35:26.657:ERROR [config]: \u001b[39mFile /Users/brandondail/Projects/react-image-palette/packages/image-palette-core/karma.conf.js does not exist!\n\n    at Promise.all.then.arr (/Users/brandondail/.nvm/versions/node/v8.4.0/lib/node_modules/lerna/node_modules/execa/index.js:236:11)\n    at <anonymous>\n    at process._tickCallback (internal/process/next_tick.js:188:7)',
12 error execute   code: 1,
12 error execute   killed: false,
12 error execute   stdout: '\n> image-palette-core@0.1.2 test /Users/brandondail/Projects/react-image-palette/packages/image-palette-core\n> npm run build && npm run test:only\n\n\n> image-palette-core@0.1.2 build /Users/brandondail/Projects/react-image-palette/packages/image-palette-core\n> npm run clean && npm run build:es && npm run build:lib\n\n\n> image-palette-core@0.1.2 clean /Users/brandondail/Projects/react-image-palette/packages/image-palette-core\n> rimraf es && rimraf lib\n\n\n> image-palette-core@0.1.2 build:es /Users/brandondail/Projects/react-image-palette/packages/image-palette-core\n> BABEL_ENV=es babel src --out-dir es\n\nsrc/color-thief.js -> es/color-thief.js\nsrc/index.js -> es/index.js\n\n> image-palette-core@0.1.2 build:lib /Users/brandondail/Projects/react-image-palette/packages/image-palette-core\n> BABEL_ENV=commonjs babel src --out-dir lib\n\nsrc/color-thief.js -> lib/color-thief.js\nsrc/index.js -> lib/index.js\n\n> image-palette-core@0.1.2 test:only /Users/brandondail/Projects/react-image-palette/packages/image-palette-core\n> karma start --single-run --browsers ChromeHeadless karma.conf.js\n\n\u001b[31m10 11 2017 10:35:26.657:ERROR [config]: \u001b[39mFile /Users/brandondail/Projects/react-image-palette/packages/image-palette-core/karma.conf.js does not exist!\n',
12 error execute   stderr: 'npm ERR! code ELIFECYCLE\nnpm ERR! errno 1\nnpm ERR! image-palette-core@0.1.2 test:only: `karma start --single-run --browsers ChromeHeadless karma.conf.js`\nnpm ERR! Exit status 1\nnpm ERR! \nnpm ERR! Failed at the image-palette-core@0.1.2 test:only script.\nnpm ERR! This is probably not a problem with npm. There is likely additional logging output above.\n\nnpm ERR! A complete log of this run can be found in:\nnpm ERR!     /Users/brandondail/.npm/_logs/2017-11-10T18_35_26_673Z-debug.log\nnpm ERR! code ELIFECYCLE\nnpm ERR! errno 1\nnpm ERR! image-palette-core@0.1.2 test: `npm run build && npm run test:only`\nnpm ERR! Exit status 1\nnpm ERR! \nnpm ERR! Failed at the image-palette-core@0.1.2 test script.\nnpm ERR! This is probably not a problem with npm. There is likely additional logging output above.\n\nnpm ERR! A complete log of this run can be found in:\nnpm ERR!     /Users/brandondail/.npm/_logs/2017-11-10T18_35_26_703Z-debug.log\n',
12 error execute   failed: true,
12 error execute   signal: null,
12 error execute   cmd: 'npm run test',
12 error execute   timedOut: false }
